  main.cpp
c:\users\kylec\cs3113\final project\project_template\windows\nyucodebase\nyucodebase\main.cpp(103): warning C4018: '<': signed/unsigned mismatch
c:\users\kylec\cs3113\final project\project_template\windows\nyucodebase\nyucodebase\main.cpp(133): warning C4018: '<': signed/unsigned mismatch
c:\users\kylec\cs3113\final project\project_template\windows\nyucodebase\nyucodebase\main.cpp(285): warning C4244: '+=': conversion from 'double' to 'float', possible loss of data
c:\users\kylec\cs3113\final project\project_template\windows\nyucodebase\nyucodebase\main.cpp(306): warning C4244: 'initializing': conversion from 'int' to 'float', possible loss of data
c:\users\kylec\cs3113\final project\project_template\windows\nyucodebase\nyucodebase\main.cpp(312): warning C4244: '+=': conversion from 'double' to 'float', possible loss of data
c:\users\kylec\cs3113\final project\project_template\windows\nyucodebase\nyucodebase\main.cpp(324): warning C4244: 'initializing': conversion from 'int' to 'float', possible loss of data
c:\users\kylec\cs3113\final project\project_template\windows\nyucodebase\nyucodebase\main.cpp(330): warning C4244: '-=': conversion from 'double' to 'float', possible loss of data
c:\users\kylec\cs3113\final project\project_template\windows\nyucodebase\nyucodebase\main.cpp(343): warning C4244: 'initializing': conversion from 'int' to 'float', possible loss of data
c:\users\kylec\cs3113\final project\project_template\windows\nyucodebase\nyucodebase\main.cpp(347): warning C4244: '-=': conversion from 'double' to 'float', possible loss of data
c:\users\kylec\cs3113\final project\project_template\windows\nyucodebase\nyucodebase\main.cpp(356): warning C4244: 'initializing': conversion from 'int' to 'float', possible loss of data
c:\users\kylec\cs3113\final project\project_template\windows\nyucodebase\nyucodebase\main.cpp(359): warning C4244: '+=': conversion from 'double' to 'float', possible loss of data
c:\users\kylec\cs3113\final project\project_template\windows\nyucodebase\nyucodebase\main.cpp(417): warning C4305: 'argument': truncation from 'double' to 'float'
c:\users\kylec\cs3113\final project\project_template\windows\nyucodebase\nyucodebase\main.cpp(533): warning C4244: 'initializing': conversion from 'int' to 'float', possible loss of data
c:\users\kylec\cs3113\final project\project_template\windows\nyucodebase\nyucodebase\main.cpp(534): warning C4244: 'initializing': conversion from 'int' to 'float', possible loss of data
c:\users\kylec\cs3113\final project\project_template\windows\nyucodebase\nyucodebase\main.cpp(606): warning C4305: '=': truncation from 'double' to 'float'
c:\users\kylec\cs3113\final project\project_template\windows\nyucodebase\nyucodebase\main.cpp(622): warning C4305: '=': truncation from 'double' to 'float'
c:\users\kylec\cs3113\final project\project_template\windows\nyucodebase\nyucodebase\main.cpp(666): warning C4018: '<': signed/unsigned mismatch
c:\users\kylec\cs3113\final project\project_template\windows\nyucodebase\nyucodebase\main.cpp(687): warning C4018: '<': signed/unsigned mismatch
c:\users\kylec\cs3113\final project\project_template\windows\nyucodebase\nyucodebase\main.cpp(691): warning C4018: '<': signed/unsigned mismatch
c:\users\kylec\cs3113\final project\project_template\windows\nyucodebase\nyucodebase\main.cpp(700): warning C4018: '<': signed/unsigned mismatch
c:\users\kylec\cs3113\final project\project_template\windows\nyucodebase\nyucodebase\main.cpp(703): warning C4018: '<': signed/unsigned mismatch
c:\users\kylec\cs3113\final project\project_template\windows\nyucodebase\nyucodebase\main.cpp(745): warning C4018: '<': signed/unsigned mismatch
c:\users\kylec\cs3113\final project\project_template\windows\nyucodebase\nyucodebase\main.cpp(790): warning C4018: '<': signed/unsigned mismatch
c:\users\kylec\cs3113\final project\project_template\windows\nyucodebase\nyucodebase\main.cpp(797): warning C4018: '<': signed/unsigned mismatch
c:\users\kylec\cs3113\final project\project_template\windows\nyucodebase\nyucodebase\main.cpp(398): warning C4172: returning address of local variable or temporary: game
  NYUCodebase.vcxproj -> C:\Users\kylec\CS3113\final project\project_template\Windows\NYUCodebase\Debug\NYUCodebase.exe
