  ShaderProgram.cpp
  Matrix.cpp
c:\users\kylec\documents\nyu\cs3113\space_invaders\project_template\windows\nyucodebase\nyucodebase\matrix.cpp(148): warning C4244: '=': conversion from 'double' to 'float', possible loss of data
c:\users\kylec\documents\nyu\cs3113\space_invaders\project_template\windows\nyucodebase\nyucodebase\matrix.cpp(149): warning C4244: '=': conversion from 'double' to 'float', possible loss of data
c:\users\kylec\documents\nyu\cs3113\space_invaders\project_template\windows\nyucodebase\nyucodebase\matrix.cpp(150): warning C4244: '=': conversion from 'double' to 'float', possible loss of data
c:\users\kylec\documents\nyu\cs3113\space_invaders\project_template\windows\nyucodebase\nyucodebase\matrix.cpp(151): warning C4244: '=': conversion from 'double' to 'float', possible loss of data
c:\users\kylec\documents\nyu\cs3113\space_invaders\project_template\windows\nyucodebase\nyucodebase\matrix.cpp(165): warning C4244: '=': conversion from 'double' to 'float', possible loss of data
c:\users\kylec\documents\nyu\cs3113\space_invaders\project_template\windows\nyucodebase\nyucodebase\matrix.cpp(166): warning C4244: '=': conversion from 'double' to 'float', possible loss of data
c:\users\kylec\documents\nyu\cs3113\space_invaders\project_template\windows\nyucodebase\nyucodebase\matrix.cpp(167): warning C4244: '=': conversion from 'double' to 'float', possible loss of data
c:\users\kylec\documents\nyu\cs3113\space_invaders\project_template\windows\nyucodebase\nyucodebase\matrix.cpp(168): warning C4244: '=': conversion from 'double' to 'float', possible loss of data
c:\users\kylec\documents\nyu\cs3113\space_invaders\project_template\windows\nyucodebase\nyucodebase\matrix.cpp(172): warning C4244: '=': conversion from 'double' to 'float', possible loss of data
c:\users\kylec\documents\nyu\cs3113\space_invaders\project_template\windows\nyucodebase\nyucodebase\matrix.cpp(173): warning C4244: '=': conversion from 'double' to 'float', possible loss of data
c:\users\kylec\documents\nyu\cs3113\space_invaders\project_template\windows\nyucodebase\nyucodebase\matrix.cpp(174): warning C4244: '=': conversion from 'double' to 'float', possible loss of data
c:\users\kylec\documents\nyu\cs3113\space_invaders\project_template\windows\nyucodebase\nyucodebase\matrix.cpp(175): warning C4244: '=': conversion from 'double' to 'float', possible loss of data
c:\users\kylec\documents\nyu\cs3113\space_invaders\project_template\windows\nyucodebase\nyucodebase\matrix.cpp(213): warning C4244: 'argument': conversion from 'double' to 'float', possible loss of data
c:\users\kylec\documents\nyu\cs3113\space_invaders\project_template\windows\nyucodebase\nyucodebase\matrix.cpp(214): warning C4244: 'argument': conversion from 'double' to 'float', possible loss of data
  main.cpp
c:\users\kylec\documents\nyu\cs3113\space_invaders\project_template\windows\nyucodebase\nyucodebase\main.cpp(59): warning C4018: '<': signed/unsigned mismatch
c:\users\kylec\documents\nyu\cs3113\space_invaders\project_template\windows\nyucodebase\nyucodebase\main.cpp(88): warning C4018: '<': signed/unsigned mismatch
c:\users\kylec\documents\nyu\cs3113\space_invaders\project_template\windows\nyucodebase\nyucodebase\main.cpp(164): warning C4244: 'initializing': conversion from 'double' to 'float', possible loss of data
c:\users\kylec\documents\nyu\cs3113\space_invaders\project_template\windows\nyucodebase\nyucodebase\main.cpp(165): warning C4244: 'initializing': conversion from 'double' to 'float', possible loss of data
c:\users\kylec\documents\nyu\cs3113\space_invaders\project_template\windows\nyucodebase\nyucodebase\main.cpp(205): warning C4305: 'argument': truncation from 'double' to 'float'
c:\users\kylec\documents\nyu\cs3113\space_invaders\project_template\windows\nyucodebase\nyucodebase\main.cpp(206): warning C4305: 'argument': truncation from 'double' to 'float'
c:\users\kylec\documents\nyu\cs3113\space_invaders\project_template\windows\nyucodebase\nyucodebase\main.cpp(207): warning C4305: 'argument': truncation from 'double' to 'float'
c:\users\kylec\documents\nyu\cs3113\space_invaders\project_template\windows\nyucodebase\nyucodebase\main.cpp(208): warning C4305: 'argument': truncation from 'double' to 'float'
c:\users\kylec\documents\nyu\cs3113\space_invaders\project_template\windows\nyucodebase\nyucodebase\main.cpp(209): warning C4305: 'argument': truncation from 'double' to 'float'
  Generating Code...
c:\users\kylec\documents\nyu\cs3113\space_invaders\project_template\windows\nyucodebase\nyucodebase\main.cpp(233): warning C4172: returning address of local variable or temporary: game
  NYUCodebase.vcxproj -> C:\Users\kylec\Documents\NYU\CS3113\space_invaders\project_template\Windows\NYUCodebase\Debug\NYUCodebase.exe
  NYUCodebase.vcxproj -> C:\Users\kylec\Documents\NYU\CS3113\space_invaders\project_template\Windows\NYUCodebase\Debug\NYUCodebase.pdb (Partial PDB)
